<?xml version="1.0" encoding="UTF-8"?>
<!-- Generated by org.testng.reporters.JUnitXMLReporter -->
<testsuite ignored="0" hostname="DESKTOP-DBHECHF" failures="1" tests="1" name="Test" time="37.857" errors="0" timestamp="2025-04-06T18:38:08 IST">
  <testcase classname="runnerScripts.TC02_VerificationOfAddEmployee" name="TC02_AddEmployeeVerification" time="11.267">
    <failure type="java.lang.AssertionError" message="null">
      <![CDATA[java.lang.AssertionError: null
at runnerScripts.TC02_VerificationOfAddEmployee.TC02_AddEmployeeVerification(TC02_VerificationOfAddEmployee.java:16)
at java.base/java.util.ArrayList.forEach(ArrayList.java:1596)
... Removed 27 stack frames]]>
    </failure>
  </testcase> <!-- TC02_AddEmployeeVerification -->
</testsuite> <!-- Test -->
